android/app/build/intermediates/manifest_merge_blame_file/debug/manifest-merger-blame-debug-report.txt
1<?xml version="1.0" encoding="utf-8"?>
2<manifest xmlns:android="http://schemas.android.com/apk/res/android"
3    package="com.islamic_app"
4    android:versionCode="1"
5    android:versionName="1.0" >
6
7    <uses-sdk
8        android:minSdkVersion="21"
9        android:targetSdkVersion="29" />
10
11    <uses-permission android:name="android.permission.SYSTEM_ALERT_WINDOW" />
11-->src/debug/AndroidManifest.xml:5:5-77
11-->src/debug/AndroidManifest.xml:5:22-75
12    <uses-permission android:name="android.permission.INTERNET" />
12-->src/main/AndroidManifest.xml:4:5-67
12-->src/main/AndroidManifest.xml:4:22-64
13    <uses-permission android:name="android.permission.VIBRATE" />
13-->src/main/AndroidManifest.xml:5:5-65
13-->src/main/AndroidManifest.xml:5:22-63
14    <uses-permission android:name="android.permission.CAMERA" />
14-->src/main/AndroidManifest.xml:6:5-64
14-->src/main/AndroidManifest.xml:6:22-62
15    <uses-permission android:name="android.permission.WRITE_EXTERNAL_STORAGE" />
15-->src/main/AndroidManifest.xml:7:5-80
15-->src/main/AndroidManifest.xml:7:22-78
16    <uses-permission android:name="android.permission.ACCESS_FINE_LOCATION" />
16-->src/main/AndroidManifest.xml:8:5-79
16-->src/main/AndroidManifest.xml:8:22-76
17    <uses-permission android:name="android.permission.WAKE_LOCK" />
17-->src/main/AndroidManifest.xml:9:5-68
17-->src/main/AndroidManifest.xml:9:22-65
18    <uses-permission android:name="android.permission.RECEIVE_BOOT_COMPLETED" />
18-->src/main/AndroidManifest.xml:10:5-81
18-->src/main/AndroidManifest.xml:10:22-78
19
20    <permission
21        android:name="com.islamic_app.permission.C2D_MESSAGE"
22        android:protectionLevel="signature" />
23
24    <uses-permission android:name="com.islamic_app.permission.C2D_MESSAGE" />
25    <uses-permission android:name="android.permission.ACCESS_WIFI_STATE" />
25-->[com.facebook.flipper:flipper:0.75.1] AndroidManifest.xml:16:5-76
25-->[com.facebook.flipper:flipper:0.75.1] AndroidManifest.xml:16:22-73
26    <uses-permission android:name="android.permission.ACCESS_NETWORK_STATE" />
26-->[:react-native-firebase_messaging] AndroidManifest.xml:13:5-79
26-->[:react-native-firebase_messaging] AndroidManifest.xml:13:22-76
27    <uses-permission android:name="android.permission.FOREGROUND_SERVICE" />
27-->[:react-native-background-actions] AndroidManifest.xml:9:5-77
27-->[:react-native-background-actions] AndroidManifest.xml:9:22-74
28    <uses-permission android:name="android.permission.USE_BIOMETRIC" />
28-->[:react-native-keychain] AndroidManifest.xml:11:5-72
28-->[:react-native-keychain] AndroidManifest.xml:11:22-69
29    <uses-permission android:name="android.permission.USE_FINGERPRINT" /> <!-- Required by older versions of Google Play services to create IID tokens -->
29-->[:react-native-keychain] AndroidManifest.xml:12:5-74
29-->[:react-native-keychain] AndroidManifest.xml:12:22-71
30    <uses-permission android:name="com.google.android.c2dm.permission.RECEIVE" />
30-->[com.google.firebase:firebase-messaging:23.0.0] AndroidManifest.xml:25:5-82
30-->[com.google.firebase:firebase-messaging:23.0.0] AndroidManifest.xml:25:22-79
31    <uses-permission android:name="com.google.android.finsky.permission.BIND_GET_INSTALL_REFERRER_SERVICE" /> <!-- Include required permissions for Advertising Id -->
31-->[com.google.android.gms:play-services-measurement:20.0.2] AndroidManifest.xml:26:5-110
31-->[com.google.android.gms:play-services-measurement:20.0.2] AndroidManifest.xml:26:22-107
32    <uses-permission android:name="com.google.android.gms.permission.AD_ID" /> <!-- for android -->
32-->[com.google.android.gms:play-services-ads-identifier:18.0.0] AndroidManifest.xml:23:5-79
32-->[com.google.android.gms:play-services-ads-identifier:18.0.0] AndroidManifest.xml:23:22-76
33    <!-- <uses-permission android:name="com.android.launcher.permission.READ_SETTINGS"/> -->
34    <!-- <uses-permission android:name="com.android.launcher.permission.WRITE_SETTINGS"/> -->
35    <!-- <uses-permission android:name="com.android.launcher.permission.INSTALL_SHORTCUT" /> -->
36    <!-- <uses-permission android:name="com.android.launcher.permission.UNINSTALL_SHORTCUT" /> -->
37    <!-- for Samsung -->
38    <uses-permission android:name="com.sec.android.provider.badge.permission.READ" />
38-->[me.leolin:ShortcutBadger:1.1.22] AndroidManifest.xml:19:5-86
38-->[me.leolin:ShortcutBadger:1.1.22] AndroidManifest.xml:19:22-83
39    <uses-permission android:name="com.sec.android.provider.badge.permission.WRITE" /> <!-- for htc -->
39-->[me.leolin:ShortcutBadger:1.1.22] AndroidManifest.xml:20:5-87
39-->[me.leolin:ShortcutBadger:1.1.22] AndroidManifest.xml:20:22-84
40    <uses-permission android:name="com.htc.launcher.permission.READ_SETTINGS" />
40-->[me.leolin:ShortcutBadger:1.1.22] AndroidManifest.xml:23:5-81
40-->[me.leolin:ShortcutBadger:1.1.22] AndroidManifest.xml:23:22-78
41    <uses-permission android:name="com.htc.launcher.permission.UPDATE_SHORTCUT" /> <!-- for sony -->
41-->[me.leolin:ShortcutBadger:1.1.22] AndroidManifest.xml:24:5-83
41-->[me.leolin:ShortcutBadger:1.1.22] AndroidManifest.xml:24:22-80
42    <uses-permission android:name="com.sonyericsson.home.permission.BROADCAST_BADGE" />
42-->[me.leolin:ShortcutBadger:1.1.22] AndroidManifest.xml:27:5-88
42-->[me.leolin:ShortcutBadger:1.1.22] AndroidManifest.xml:27:22-85
43    <uses-permission android:name="com.sonymobile.home.permission.PROVIDER_INSERT_BADGE" /> <!-- for apex -->
43-->[me.leolin:ShortcutBadger:1.1.22] AndroidManifest.xml:28:5-92
43-->[me.leolin:ShortcutBadger:1.1.22] AndroidManifest.xml:28:22-89
44    <uses-permission android:name="com.anddoes.launcher.permission.UPDATE_COUNT" /> <!-- for solid -->
44-->[me.leolin:ShortcutBadger:1.1.22] AndroidManifest.xml:31:5-84
44-->[me.leolin:ShortcutBadger:1.1.22] AndroidManifest.xml:31:22-81
45    <uses-permission android:name="com.majeur.launcher.permission.UPDATE_BADGE" /> <!-- for huawei -->
45-->[me.leolin:ShortcutBadger:1.1.22] AndroidManifest.xml:34:5-83
45-->[me.leolin:ShortcutBadger:1.1.22] AndroidManifest.xml:34:22-80
46    <uses-permission android:name="com.huawei.android.launcher.permission.CHANGE_BADGE" />
46-->[me.leolin:ShortcutBadger:1.1.22] AndroidManifest.xml:37:5-91
46-->[me.leolin:ShortcutBadger:1.1.22] AndroidManifest.xml:37:22-88
47    <uses-permission android:name="com.huawei.android.launcher.permission.READ_SETTINGS" />
47-->[me.leolin:ShortcutBadger:1.1.22] AndroidManifest.xml:38:5-92
47-->[me.leolin:ShortcutBadger:1.1.22] AndroidManifest.xml:38:22-89
48    <uses-permission android:name="com.huawei.android.launcher.permission.WRITE_SETTINGS" /> <!-- for ZUK -->
48-->[me.leolin:ShortcutBadger:1.1.22] AndroidManifest.xml:39:5-93
48-->[me.leolin:ShortcutBadger:1.1.22] AndroidManifest.xml:39:22-90
49    <uses-permission android:name="android.permission.READ_APP_BADGE" /> <!-- for OPPO -->
49-->[me.leolin:ShortcutBadger:1.1.22] AndroidManifest.xml:42:5-73
49-->[me.leolin:ShortcutBadger:1.1.22] AndroidManifest.xml:42:22-70
50    <uses-permission android:name="com.oppo.launcher.permission.READ_SETTINGS" />
50-->[me.leolin:ShortcutBadger:1.1.22] AndroidManifest.xml:45:5-82
50-->[me.leolin:ShortcutBadger:1.1.22] AndroidManifest.xml:45:22-79
51    <uses-permission android:name="com.oppo.launcher.permission.WRITE_SETTINGS" /> <!-- for EvMe -->
51-->[me.leolin:ShortcutBadger:1.1.22] AndroidManifest.xml:46:5-83
51-->[me.leolin:ShortcutBadger:1.1.22] AndroidManifest.xml:46:22-80
52    <uses-permission android:name="me.everything.badger.permission.BADGE_COUNT_READ" />
52-->[me.leolin:ShortcutBadger:1.1.22] AndroidManifest.xml:49:5-88
52-->[me.leolin:ShortcutBadger:1.1.22] AndroidManifest.xml:49:22-85
53    <uses-permission android:name="me.everything.badger.permission.BADGE_COUNT_WRITE" />
53-->[me.leolin:ShortcutBadger:1.1.22] AndroidManifest.xml:50:5-89
53-->[me.leolin:ShortcutBadger:1.1.22] AndroidManifest.xml:50:22-86
54
55    <application
55-->src/main/AndroidManifest.xml:19:5-165:19
56        android:name="com.islamic_app.MainApplication"
56-->src/main/AndroidManifest.xml:20:7-38
57        android:allowBackup="false"
57-->src/main/AndroidManifest.xml:24:7-34
58        android:appComponentFactory="androidx.core.app.CoreComponentFactory"
58-->[androidx.core:core:1.3.1] AndroidManifest.xml:24:18-86
59        android:debuggable="true"
60        android:icon="@mipmap/ic_launcher"
60-->src/main/AndroidManifest.xml:22:7-41
61        android:label="@string/app_name"
61-->src/main/AndroidManifest.xml:21:7-39
62        android:roundIcon="@mipmap/ic_launcher_round"
62-->src/main/AndroidManifest.xml:23:7-52
63        android:theme="@style/AppTheme"
63-->src/main/AndroidManifest.xml:26:7-38
64        android:usesCleartextTraffic="true" >
64-->src/main/AndroidManifest.xml:25:7-42
65        <activity android:name="com.facebook.react.devsupport.DevSettingsActivity" />
65-->src/debug/AndroidManifest.xml:11:9-86
65-->src/debug/AndroidManifest.xml:11:19-83
66        <activity
66-->src/main/AndroidManifest.xml:27:7-37:18
67            android:name="com.islamic_app.MainActivity"
67-->src/main/AndroidManifest.xml:28:9-37
68            android:configChanges="keyboard|keyboardHidden|orientation|screenSize|uiMode"
68-->src/main/AndroidManifest.xml:30:9-86
69            android:label="@string/app_name"
69-->src/main/AndroidManifest.xml:29:9-41
70            android:launchMode="singleTask"
70-->src/main/AndroidManifest.xml:31:9-40
71            android:windowSoftInputMode="adjustResize" >
71-->src/main/AndroidManifest.xml:32:9-51
72            <intent-filter>
72-->src/main/AndroidManifest.xml:33:9-36:25
73                <action android:name="android.intent.action.MAIN" />
73-->src/main/AndroidManifest.xml:34:13-65
73-->src/main/AndroidManifest.xml:34:21-62
74
75                <category android:name="android.intent.category.LAUNCHER" />
75-->src/main/AndroidManifest.xml:35:13-73
75-->src/main/AndroidManifest.xml:35:23-70
76            </intent-filter>
77        </activity>
78
79        <meta-data
79-->src/main/AndroidManifest.xml:39:7-41:64
80            android:name="com.google.android.geo.API_KEY"
80-->src/main/AndroidManifest.xml:40:7-52
81            android:value="AIzaSyCV5HmY_q1S8_0Kp0uhAxEchmaruTxwD0g" />
81-->src/main/AndroidManifest.xml:41:7-62
82        <!--
83 <meta-data
84  android:name="com.google.firebase.messaging.default_notification_channel_id"
85  android:value="@string/default_notification_channel_id" />
86        -->
87        <receiver
87-->src/main/AndroidManifest.xml:48:7-56:20
88            android:name="com.emekalites.react.alarm.notification.AlarmReceiver"
88-->src/main/AndroidManifest.xml:49:13-81
89            android:enabled="true"
89-->src/main/AndroidManifest.xml:50:13-35
90            android:exported="true" >
90-->src/main/AndroidManifest.xml:51:13-36
91            <intent-filter>
91-->src/main/AndroidManifest.xml:52:13-55:29
92                <action android:name="ACTION_DISMISS" />
92-->src/main/AndroidManifest.xml:53:17-57
92-->src/main/AndroidManifest.xml:53:25-54
93                <action android:name="ACTION_SNOOZE" />
93-->src/main/AndroidManifest.xml:54:17-56
93-->src/main/AndroidManifest.xml:54:25-53
94            </intent-filter>
95        </receiver>
96        <receiver
96-->src/main/AndroidManifest.xml:58:9-61:39
97            android:name="com.emekalites.react.alarm.notification.AlarmDismissReceiver"
97-->src/main/AndroidManifest.xml:59:13-88
98            android:enabled="true"
98-->src/main/AndroidManifest.xml:60:13-35
99            android:exported="true" />
99-->src/main/AndroidManifest.xml:61:13-36
100        <receiver
100-->src/main/AndroidManifest.xml:63:9-74:20
101            android:name="com.emekalites.react.alarm.notification.AlarmBootReceiver"
101-->src/main/AndroidManifest.xml:64:13-85
102            android:directBootAware="true"
102-->src/main/AndroidManifest.xml:65:13-43
103            android:enabled="false"
103-->src/main/AndroidManifest.xml:66:13-36
104            android:exported="true" >
104-->src/main/AndroidManifest.xml:67:13-36
105            <intent-filter>
105-->src/main/AndroidManifest.xml:68:13-73:29
106                <action android:name="android.intent.action.BOOT_COMPLETED" />
106-->src/main/AndroidManifest.xml:69:17-79
106-->src/main/AndroidManifest.xml:69:25-76
107                <action android:name="android.intent.action.QUICKBOOT_POWERON" />
107-->src/main/AndroidManifest.xml:70:17-82
107-->src/main/AndroidManifest.xml:70:25-79
108                <action android:name="com.htc.intent.action.QUICKBOOT_POWERON" />
108-->src/main/AndroidManifest.xml:71:17-82
108-->src/main/AndroidManifest.xml:71:25-79
109                <action android:name="android.intent.action.LOCKED_BOOT_COMPLETED" />
109-->src/main/AndroidManifest.xml:72:17-86
109-->src/main/AndroidManifest.xml:72:25-83
110            </intent-filter>
111        </receiver> <!-- <service android:name="com.dieam.reactnativepushnotification.modules.RNPushNotificationRegistrationService"/> -->
112        <meta-data
112-->src/main/AndroidManifest.xml:80:2-81:67
113            android:name="com.dieam.reactnativepushnotification.notification_channel_name"
113-->src/main/AndroidManifest.xml:80:14-92
114            android:value="YOUR NOTIFICATION CHANNEL NAME" />
114-->src/main/AndroidManifest.xml:81:19-65
115        <meta-data
115-->src/main/AndroidManifest.xml:82:3-83:70
116            android:name="com.dieam.reactnativepushnotification.notification_channel_description"
116-->src/main/AndroidManifest.xml:82:15-100
117            android:value="YOUR NOTIFICATION CHANNEL DESCRIPTION" />
117-->src/main/AndroidManifest.xml:83:15-68
118        <meta-data
118-->src/main/AndroidManifest.xml:84:3-85:56
119            android:name="com.dieam.reactnativepushnotification.notification_color"
119-->src/main/AndroidManifest.xml:84:15-86
120            android:resource="@android:color/white" />
120-->src/main/AndroidManifest.xml:85:15-54
121        <!--
122 <receiver
123      android:name="com.google.android.gms.gcm.GcmReceiver"
124      android:exported="true"
125      android:permission="com.google.android.c2dm.permission.SEND" >
126      <intent-filter>fv
127          <action android:name="com.google.android.c2dm.intent.RECEIVE" />
128          <category android:name="${applicationId}" />
129      </intent-filter>
130  </receiver>
131        -->
132        <service
132-->src/main/AndroidManifest.xml:99:10-103:19
133            android:name="com.islamic_app.HeartbeartService"
133-->src/main/AndroidManifest.xml:100:13-61
134            android:enabled="true"
134-->src/main/AndroidManifest.xml:101:13-35
135            android:exported="false" >
135-->src/main/AndroidManifest.xml:102:13-37
136        </service>
137        <service android:name="com.islamic_app.HeartbeatEventService" >
137-->src/main/AndroidManifest.xml:104:9-106:19
137-->src/main/AndroidManifest.xml:105:13-65
138        </service>
139
140        <receiver
140-->src/main/AndroidManifest.xml:110:9-118:20
141            android:name="com.islamic_app.BootUpReceiver"
141-->src/main/AndroidManifest.xml:111:13-58
142            android:enabled="true"
142-->src/main/AndroidManifest.xml:112:13-35
143            android:permission="android.permission.RECEIVE_BOOT_COMPLETED" >
143-->src/main/AndroidManifest.xml:113:13-75
144            <intent-filter>
144-->src/main/AndroidManifest.xml:114:13-117:29
145                <action android:name="android.intent.action.BOOT_COMPLETED" />
145-->src/main/AndroidManifest.xml:69:17-79
145-->src/main/AndroidManifest.xml:69:25-76
146
147                <category android:name="android.intent.category.DEFAULT" />
147-->src/main/AndroidManifest.xml:116:17-76
147-->src/main/AndroidManifest.xml:116:27-73
148            </intent-filter>
149        </receiver>
150
151        <service
151-->src/main/AndroidManifest.xml:119:2-125:19
152            android:name="com.dieam.reactnativepushnotification.modules.RNPushNotificationListenerService"
152-->src/main/AndroidManifest.xml:120:13-107
153            android:exported="false" >
153-->src/main/AndroidManifest.xml:121:13-37
154            <intent-filter>
154-->src/main/AndroidManifest.xml:122:13-124:29
155                <action android:name="com.google.firebase.MESSAGING_EVENT" />
155-->src/main/AndroidManifest.xml:123:17-78
155-->src/main/AndroidManifest.xml:123:25-75
156            </intent-filter>
157        </service>
158        <!--
159 <service 
160			android:name="com.wix.reactnativenotifications.fcm.FcmInstanceIdListenerService" 
161			android:exported="false"> 
162			<intent-filter> 
163				<action android:name="com.google.firebase.MESSAGING_EVENT" /> 
164			</intent-filter> 
165		</service>
166        -->
167        <receiver android:name="com.dieam.reactnativepushnotification.modules.RNPushNotificationPublisher" />
167-->src/main/AndroidManifest.xml:136:1-101
167-->src/main/AndroidManifest.xml:136:11-99
168        <receiver android:name="com.dieam.reactnativepushnotification.modules.RNPushNotificationBootEventReceiver" >
168-->src/main/AndroidManifest.xml:137:1-141:12
168-->src/main/AndroidManifest.xml:137:11-107
169            <intent-filter>
169-->src/main/AndroidManifest.xml:138:5-140:21
170                <action android:name="android.intent.action.BOOT_COMPLETED" />
170-->src/main/AndroidManifest.xml:69:17-79
170-->src/main/AndroidManifest.xml:69:25-76
171            </intent-filter>
172        </receiver>
173
174        <service android:name="com.dieam.reactnativepushnotification.modules.RNPushNotificationRegistrationService" />
174-->src/main/AndroidManifest.xml:142:1-110
174-->src/main/AndroidManifest.xml:142:10-108
175        <!--
176 <receiver android:name="com.dieam.reactnativepushnotification.modules.RNPushNotificationPublisher" />
177  <receiver android:name="com.dieam.reactnativepushnotification.modules.RNPushNotificationBootEventReceiver">
178      <intent-filter>
179          <action android:name="android.intent.action.BOOT_COMPLETED" />
180      </intent-filter>
181  </receiver>
182  <service android:name="com.dieam.reactnativepushnotification.modules.RNPushNotificationRegistrationService"/>
183        -->
184        <service
184-->src/main/AndroidManifest.xml:119:2-125:19
185            android:name="com.dieam.reactnativepushnotification.modules.RNPushNotificationListenerService"
185-->src/main/AndroidManifest.xml:120:13-107
186            android:exported="false" >
186-->src/main/AndroidManifest.xml:121:13-37
187            <intent-filter>
187-->src/main/AndroidManifest.xml:122:13-124:29
188                <action android:name="com.google.firebase.MESSAGING_EVENT" />
188-->src/main/AndroidManifest.xml:123:17-78
188-->src/main/AndroidManifest.xml:123:25-75
189            </intent-filter>
190        </service>
191        <service
191-->src/main/AndroidManifest.xml:161:3-162:68
192            android:name="com.islamic_app.YourService"
192-->src/main/AndroidManifest.xml:161:12-39
193            android:permission="android.permission.BIND_JOB_SERVICE" />
193-->src/main/AndroidManifest.xml:162:10-66
194        <service android:name="io.invertase.firebase.messaging.ReactNativeFirebaseMessagingHeadlessService" />
194-->[:react-native-firebase_messaging] AndroidManifest.xml:16:9-111
194-->[:react-native-firebase_messaging] AndroidManifest.xml:16:18-108
195        <service
195-->[:react-native-firebase_messaging] AndroidManifest.xml:17:9-23:19
196            android:name="io.invertase.firebase.messaging.ReactNativeFirebaseMessagingService"
196-->[:react-native-firebase_messaging] AndroidManifest.xml:18:13-95
197            android:exported="false" >
197-->[:react-native-firebase_messaging] AndroidManifest.xml:19:13-37
198            <intent-filter>
198-->src/main/AndroidManifest.xml:122:13-124:29
199                <action android:name="com.google.firebase.MESSAGING_EVENT" />
199-->src/main/AndroidManifest.xml:123:17-78
199-->src/main/AndroidManifest.xml:123:25-75
200            </intent-filter>
201        </service>
202
203        <receiver
203-->[:react-native-firebase_messaging] AndroidManifest.xml:25:9-32:20
204            android:name="io.invertase.firebase.messaging.ReactNativeFirebaseMessagingReceiver"
204-->[:react-native-firebase_messaging] AndroidManifest.xml:26:13-96
205            android:exported="true"
205-->[:react-native-firebase_messaging] AndroidManifest.xml:27:13-36
206            android:permission="com.google.android.c2dm.permission.SEND" >
206-->[:react-native-firebase_messaging] AndroidManifest.xml:28:13-73
207            <intent-filter>
207-->[:react-native-firebase_messaging] AndroidManifest.xml:29:13-31:29
208                <action android:name="com.google.android.c2dm.intent.RECEIVE" />
208-->[:react-native-firebase_messaging] AndroidManifest.xml:30:17-81
208-->[:react-native-firebase_messaging] AndroidManifest.xml:30:25-78
209            </intent-filter>
210        </receiver>
211
212        <meta-data
212-->[:react-native-firebase_messaging] AndroidManifest.xml:34:9-36:36
213            android:name="firebase_messaging_auto_init_enabled"
213-->[:react-native-firebase_messaging] AndroidManifest.xml:35:13-64
214            android:value="true" />
214-->[:react-native-firebase_messaging] AndroidManifest.xml:36:13-33
215        <meta-data
215-->[:react-native-firebase_messaging] AndroidManifest.xml:37:9-39:32
216            android:name="com.google.firebase.messaging.default_notification_channel_id"
216-->[:react-native-firebase_messaging] AndroidManifest.xml:38:13-89
217            android:value="" />
217-->[:react-native-firebase_messaging] AndroidManifest.xml:39:13-29
218        <meta-data
218-->[:react-native-firebase_messaging] AndroidManifest.xml:40:9-42:47
219            android:name="com.google.firebase.messaging.default_notification_color"
219-->[:react-native-firebase_messaging] AndroidManifest.xml:41:13-84
220            android:resource="@color/white" />
220-->[:react-native-firebase_messaging] AndroidManifest.xml:42:13-44
221        <meta-data
221-->[:react-native-firebase_app] AndroidManifest.xml:12:9-14:36
222            android:name="app_data_collection_default_enabled"
222-->[:react-native-firebase_app] AndroidManifest.xml:13:13-63
223            android:value="true" />
223-->[:react-native-firebase_app] AndroidManifest.xml:14:13-33
224
225        <service
225-->[:react-native-firebase_app] AndroidManifest.xml:16:9-20:19
226            android:name="com.google.firebase.components.ComponentDiscoveryService"
226-->[:react-native-firebase_app] AndroidManifest.xml:16:18-89
227            android:directBootAware="true"
227-->[com.google.firebase:firebase-common:20.0.0] AndroidManifest.xml:35:13-43
228            android:exported="false" >
228-->[com.google.firebase:firebase-messaging:23.0.0] AndroidManifest.xml:51:13-37
229            <meta-data
229-->[:react-native-firebase_app] AndroidManifest.xml:17:13-19:85
230                android:name="com.google.firebase.components:io.invertase.firebase.app.ReactNativeFirebaseAppRegistrar"
230-->[:react-native-firebase_app] AndroidManifest.xml:18:17-120
231                android:value="com.google.firebase.components.ComponentRegistrar" />
231-->[:react-native-firebase_app] AndroidManifest.xml:19:17-82
232            <meta-data
232-->[com.google.firebase:firebase-messaging:23.0.0] AndroidManifest.xml:52:13-54:85
233                android:name="com.google.firebase.components:com.google.firebase.messaging.FirebaseMessagingRegistrar"
233-->[com.google.firebase:firebase-messaging:23.0.0] AndroidManifest.xml:53:17-119
234                android:value="com.google.firebase.components.ComponentRegistrar" />
234-->[com.google.firebase:firebase-messaging:23.0.0] AndroidManifest.xml:54:17-82
235            <meta-data
235-->[com.google.firebase:firebase-datatransport:18.0.0] AndroidManifest.xml:28:13-30:85
236                android:name="com.google.firebase.components:com.google.firebase.datatransport.TransportRegistrar"
236-->[com.google.firebase:firebase-datatransport:18.0.0] AndroidManifest.xml:29:17-115
237                android:value="com.google.firebase.components.ComponentRegistrar" />
237-->[com.google.firebase:firebase-datatransport:18.0.0] AndroidManifest.xml:30:17-82
238            <meta-data
238-->[com.google.android.gms:play-services-measurement-api:20.0.2] AndroidManifest.xml:30:13-32:85
239                android:name="com.google.firebase.components:com.google.firebase.analytics.connector.internal.AnalyticsConnectorRegistrar"
239-->[com.google.android.gms:play-services-measurement-api:20.0.2] AndroidManifest.xml:31:17-139
240                android:value="com.google.firebase.components.ComponentRegistrar" />
240-->[com.google.android.gms:play-services-measurement-api:20.0.2] AndroidManifest.xml:32:17-82
241            <meta-data
241-->[com.google.firebase:firebase-installations:17.0.0] AndroidManifest.xml:18:13-20:85
242                android:name="com.google.firebase.components:com.google.firebase.installations.FirebaseInstallationsRegistrar"
242-->[com.google.firebase:firebase-installations:17.0.0] AndroidManifest.xml:19:17-127
243                android:value="com.google.firebase.components.ComponentRegistrar" />
243-->[com.google.firebase:firebase-installations:17.0.0] AndroidManifest.xml:20:17-82
244        </service>
245
246        <provider
246-->[:react-native-firebase_app] AndroidManifest.xml:22:9-26:38
247            android:name="io.invertase.firebase.app.ReactNativeFirebaseAppInitProvider"
247-->[:react-native-firebase_app] AndroidManifest.xml:23:13-88
248            android:authorities="com.islamic_app.reactnativefirebaseappinitprovider"
248-->[:react-native-firebase_app] AndroidManifest.xml:24:13-86
249            android:exported="false"
249-->[:react-native-firebase_app] AndroidManifest.xml:25:13-37
250            android:initOrder="99" />
250-->[:react-native-firebase_app] AndroidManifest.xml:26:13-35
251        <provider
251-->[:react-native-image-picker] AndroidManifest.xml:12:9-20:20
252            android:name="com.imagepicker.ImagePickerProvider"
252-->[:react-native-image-picker] AndroidManifest.xml:13:13-63
253            android:authorities="com.islamic_app.imagepickerprovider"
253-->[:react-native-image-picker] AndroidManifest.xml:14:13-71
254            android:exported="false"
254-->[:react-native-image-picker] AndroidManifest.xml:15:13-37
255            android:grantUriPermissions="true" >
255-->[:react-native-image-picker] AndroidManifest.xml:16:13-47
256            <meta-data
256-->[:react-native-image-picker] AndroidManifest.xml:17:13-19:70
257                android:name="android.support.FILE_PROVIDER_PATHS"
257-->[:react-native-image-picker] AndroidManifest.xml:18:17-67
258                android:resource="@xml/imagepicker_provider_paths" />
258-->[:react-native-image-picker] AndroidManifest.xml:19:17-67
259        </provider>
260
261        <receiver
261-->[com.google.firebase:firebase-messaging:23.0.0] AndroidManifest.xml:28:9-35:20
262            android:name="com.google.firebase.iid.FirebaseInstanceIdReceiver"
262-->[com.google.firebase:firebase-messaging:23.0.0] AndroidManifest.xml:29:13-78
263            android:exported="true"
263-->[com.google.firebase:firebase-messaging:23.0.0] AndroidManifest.xml:30:13-36
264            android:permission="com.google.android.c2dm.permission.SEND" >
264-->[com.google.firebase:firebase-messaging:23.0.0] AndroidManifest.xml:31:13-73
265            <intent-filter>
265-->[:react-native-firebase_messaging] AndroidManifest.xml:29:13-31:29
266                <action android:name="com.google.android.c2dm.intent.RECEIVE" />
266-->[:react-native-firebase_messaging] AndroidManifest.xml:30:17-81
266-->[:react-native-firebase_messaging] AndroidManifest.xml:30:25-78
267            </intent-filter>
268        </receiver>
269        <!--
270             FirebaseMessagingService performs security checks at runtime,
271             but set to not exported to explicitly avoid allowing another app to call it.
272        -->
273        <service
273-->[com.google.firebase:firebase-messaging:23.0.0] AndroidManifest.xml:41:9-48:19
274            android:name="com.google.firebase.messaging.FirebaseMessagingService"
274-->[com.google.firebase:firebase-messaging:23.0.0] AndroidManifest.xml:42:13-82
275            android:directBootAware="true"
275-->[com.google.firebase:firebase-messaging:23.0.0] AndroidManifest.xml:43:13-43
276            android:exported="false" >
276-->[com.google.firebase:firebase-messaging:23.0.0] AndroidManifest.xml:44:13-37
277            <intent-filter android:priority="-500" >
277-->src/main/AndroidManifest.xml:122:13-124:29
278                <action android:name="com.google.firebase.MESSAGING_EVENT" />
278-->src/main/AndroidManifest.xml:123:17-78
278-->src/main/AndroidManifest.xml:123:25-75
279            </intent-filter>
280        </service>
281        <service
281-->[com.google.android.datatransport:transport-backend-cct:3.0.0] AndroidManifest.xml:29:9-35:19
282            android:name="com.google.android.datatransport.runtime.backends.TransportBackendDiscovery"
282-->[com.google.android.datatransport:transport-backend-cct:3.0.0] AndroidManifest.xml:30:13-103
283            android:exported="false" >
283-->[com.google.android.datatransport:transport-backend-cct:3.0.0] AndroidManifest.xml:31:13-37
284            <meta-data
284-->[com.google.android.datatransport:transport-backend-cct:3.0.0] AndroidManifest.xml:32:13-34:39
285                android:name="backend:com.google.android.datatransport.cct.CctBackendFactory"
285-->[com.google.android.datatransport:transport-backend-cct:3.0.0] AndroidManifest.xml:33:17-94
286                android:value="cct" />
286-->[com.google.android.datatransport:transport-backend-cct:3.0.0] AndroidManifest.xml:34:17-36
287        </service>
288
289        <provider
289-->[com.google.firebase:firebase-common:20.0.0] AndroidManifest.xml:26:9-31:39